\BOOKMARK [1][-]{section.1}{Introduction}{}% 1
\BOOKMARK [1][-]{section.2}{Theory}{}% 2
\BOOKMARK [2][-]{subsection.2.1}{Myers-Briggs Type Indicator}{section.2}% 3
\BOOKMARK [3][-]{subsubsection.2.1.1}{Introversion and Extroversion}{subsection.2.1}% 4
\BOOKMARK [3][-]{subsubsection.2.1.2}{Intuition and Sensing}{subsection.2.1}% 5
\BOOKMARK [3][-]{subsubsection.2.1.3}{Thinking and Feeling}{subsection.2.1}% 6
\BOOKMARK [3][-]{subsubsection.2.1.4}{Judging and Perceiving}{subsection.2.1}% 7
\BOOKMARK [2][-]{subsection.2.2}{Document Representation}{section.2}% 8
\BOOKMARK [2][-]{subsection.2.3}{Latent Dirichlet Allocation}{section.2}% 9
\BOOKMARK [2][-]{subsection.2.4}{Features}{section.2}% 10
\BOOKMARK [3][-]{subsubsection.2.4.1}{Normalisation}{subsection.2.4}% 11
\BOOKMARK [3][-]{subsubsection.2.4.2}{Bag-Of-Words}{subsection.2.4}% 12
\BOOKMARK [3][-]{subsubsection.2.4.3}{TF-IDF}{subsection.2.4}% 13
\BOOKMARK [3][-]{subsubsection.2.4.4}{Bigram Model}{subsection.2.4}% 14
\BOOKMARK [3][-]{subsubsection.2.4.5}{Bag-Of-Letters}{subsection.2.4}% 15
\BOOKMARK [3][-]{subsubsection.2.4.6}{Topic Distribution \(TD\)}{subsection.2.4}% 16
\BOOKMARK [3][-]{subsubsection.2.4.7}{Topic Terms \(TT\)}{subsection.2.4}% 17
\BOOKMARK [2][-]{subsection.2.5}{Models}{section.2}% 18
\BOOKMARK [3][-]{subsubsection.2.5.1}{Linear Support Vector Classification}{subsection.2.5}% 19
\BOOKMARK [3][-]{subsubsection.2.5.2}{Logistic Regression Classifier}{subsection.2.5}% 20
\BOOKMARK [3][-]{subsubsection.2.5.3}{Extra Trees Classifier}{subsection.2.5}% 21
\BOOKMARK [3][-]{subsubsection.2.5.4}{AdaBoost Classifier}{subsection.2.5}% 22
\BOOKMARK [3][-]{subsubsection.2.5.5}{Gradient Boosting Classifier}{subsection.2.5}% 23
\BOOKMARK [2][-]{subsection.2.6}{Exploratory Data Analysis}{section.2}% 24
\BOOKMARK [3][-]{subsubsection.2.6.1}{Word clouds}{subsection.2.6}% 25
\BOOKMARK [2][-]{subsection.2.7}{Evaluation Metrics}{section.2}% 26
\BOOKMARK [1][-]{section.3}{Related Work}{}% 27
\BOOKMARK [1][-]{section.4}{Method}{}% 28
\BOOKMARK [2][-]{subsection.4.1}{Data Set}{section.4}% 29
\BOOKMARK [2][-]{subsection.4.2}{Exploratory Data Analysis}{section.4}% 30
\BOOKMARK [3][-]{subsubsection.4.2.1}{Word clouds}{subsection.4.2}% 31
\BOOKMARK [2][-]{subsection.4.3}{Preprocessing}{section.4}% 32
\BOOKMARK [3][-]{subsubsection.4.3.1}{Standardising}{subsection.4.3}% 33
\BOOKMARK [3][-]{subsubsection.4.3.2}{Tagging}{subsection.4.3}% 34
\BOOKMARK [3][-]{subsubsection.4.3.3}{Tokenising}{subsection.4.3}% 35
\BOOKMARK [3][-]{subsubsection.4.3.4}{Stemming}{subsection.4.3}% 36
\BOOKMARK [2][-]{subsection.4.4}{Features}{section.4}% 37
\BOOKMARK [3][-]{subsubsection.4.4.1}{Filter Levels}{subsection.4.4}% 38
\BOOKMARK [3][-]{subsubsection.4.4.2}{Latent Dirichlet Allocation}{subsection.4.4}% 39
\BOOKMARK [3][-]{subsubsection.4.4.3}{Topic Terms Feature Vector}{subsection.4.4}% 40
\BOOKMARK [2][-]{subsection.4.5}{Model Implementation and Training}{section.4}% 41
\BOOKMARK [3][-]{subsubsection.4.5.1}{Initial Models}{subsection.4.5}% 42
\BOOKMARK [3][-]{subsubsection.4.5.2}{Type Filter Models}{subsection.4.5}% 43
\BOOKMARK [3][-]{subsubsection.4.5.3}{Extreme Filter Models}{subsection.4.5}% 44
\BOOKMARK [1][-]{section.5}{Results}{}% 45
\BOOKMARK [1][-]{section.6}{Discussion}{}% 46
\BOOKMARK [2][-]{subsection.6.1}{Data Set Limitations}{section.6}% 47
\BOOKMARK [1][-]{section.7}{Conclusion}{}% 48
\BOOKMARK [1][-]{section.8}{Future Work}{}% 49
\BOOKMARK [1][-]{section*.1}{References}{}% 50
\BOOKMARK [1][-]{section*.2}{Appendix A: Type Filter and Extreme Filter Results}{}% 51
\BOOKMARK [1][-]{section*.3}{Appendix B: word clouds}{}% 52
