This is pdfTeX, Version 3.14159265-2.6-1.40.18 (TeX Live 2017) (preloaded format=pdflatex 2017.11.13)  22 JAN 2018 01:48
entering extended mode
 restricted \write18 enabled.
 file:line:error style messages enabled.
 %&-line parsing enabled.
**/Users/silverfisk/Uni/texmin_732A92/MBTI-Project/paper/thesis
(/Users/silverfisk/Uni/texmin_732A92/MBTI-Project/paper/thesis.tex
LaTeX2e <2017-04-15>
Babel <3.15> and hyphenation patterns for 84 language(s) loaded.
(./IEEEtran.cls
Document Class: IEEEtran 2012/11/21 V1.8c by Harald Hanche-Olsen and Anders Chr
istensen
-- Based on V1.7a by Michael Shell
-- See the "IEEEtran_HOWTO" manual for usage information.
-- http://www.michaelshell.org/tex/ieeetran/
\@IEEEtrantmpdimenA=\dimen102
\@IEEEtrantmpdimenB=\dimen103
\@IEEEtrantmpcountA=\count79
\@IEEEtrantmpcountB=\count80
\@IEEEtrantmptoksA=\toks14
LaTeX Font Info:    Try loading font information for OT1+ptm on input line 373.

(/usr/local/texlive/2017/texmf-dist/tex/latex/psnfss/ot1ptm.fd
File: ot1ptm.fd 2001/06/04 font definitions for OT1/ptm.
)
-- Using 8.5in x 11in (letter) paper.
-- Using PDF output.
\@IEEEnormalsizeunitybaselineskip=\dimen104
-- This is a 10 point document.
\CLASSINFOnormalsizebaselineskip=\dimen105
\CLASSINFOnormalsizeunitybaselineskip=\dimen106
\IEEEnormaljot=\dimen107
LaTeX Font Info:    Font shape `OT1/ptm/bx/n' in size <5> not available
(Font)              Font shape `OT1/ptm/b/n' tried instead on input line 731.
LaTeX Font Info:    Font shape `OT1/ptm/bx/it' in size <5> not available
(Font)              Font shape `OT1/ptm/b/it' tried instead on input line 731.
LaTeX Font Info:    Font shape `OT1/ptm/bx/n' in size <7> not available
(Font)              Font shape `OT1/ptm/b/n' tried instead on input line 731.
LaTeX Font Info:    Font shape `OT1/ptm/bx/it' in size <7> not available
(Font)              Font shape `OT1/ptm/b/it' tried instead on input line 731.
LaTeX Font Info:    Font shape `OT1/ptm/bx/n' in size <8> not available
(Font)              Font shape `OT1/ptm/b/n' tried instead on input line 731.
LaTeX Font Info:    Font shape `OT1/ptm/bx/it' in size <8> not available
(Font)              Font shape `OT1/ptm/b/it' tried instead on input line 731.
LaTeX Font Info:    Font shape `OT1/ptm/bx/n' in size <9> not available
(Font)              Font shape `OT1/ptm/b/n' tried instead on input line 731.
LaTeX Font Info:    Font shape `OT1/ptm/bx/it' in size <9> not available
(Font)              Font shape `OT1/ptm/b/it' tried instead on input line 731.
LaTeX Font Info:    Font shape `OT1/ptm/bx/n' in size <10> not available
(Font)              Font shape `OT1/ptm/b/n' tried instead on input line 731.
LaTeX Font Info:    Font shape `OT1/ptm/bx/it' in size <10> not available
(Font)              Font shape `OT1/ptm/b/it' tried instead on input line 731.
LaTeX Font Info:    Font shape `OT1/ptm/bx/n' in size <11> not available
(Font)              Font shape `OT1/ptm/b/n' tried instead on input line 731.
LaTeX Font Info:    Font shape `OT1/ptm/bx/it' in size <11> not available
(Font)              Font shape `OT1/ptm/b/it' tried instead on input line 731.
LaTeX Font Info:    Font shape `OT1/ptm/bx/n' in size <12> not available
(Font)              Font shape `OT1/ptm/b/n' tried instead on input line 731.
LaTeX Font Info:    Font shape `OT1/ptm/bx/it' in size <12> not available
(Font)              Font shape `OT1/ptm/b/it' tried instead on input line 731.
LaTeX Font Info:    Font shape `OT1/ptm/bx/n' in size <17> not available
(Font)              Font shape `OT1/ptm/b/n' tried instead on input line 731.
LaTeX Font Info:    Font shape `OT1/ptm/bx/it' in size <17> not available
(Font)              Font shape `OT1/ptm/b/it' tried instead on input line 731.
LaTeX Font Info:    Font shape `OT1/ptm/bx/n' in size <20> not available
(Font)              Font shape `OT1/ptm/b/n' tried instead on input line 731.
LaTeX Font Info:    Font shape `OT1/ptm/bx/it' in size <20> not available
(Font)              Font shape `OT1/ptm/b/it' tried instead on input line 731.
LaTeX Font Info:    Font shape `OT1/ptm/bx/n' in size <24> not available
(Font)              Font shape `OT1/ptm/b/n' tried instead on input line 731.
LaTeX Font Info:    Font shape `OT1/ptm/bx/it' in size <24> not available
(Font)              Font shape `OT1/ptm/b/it' tried instead on input line 731.
\IEEEilabelindentA=\dimen108
\IEEEilabelindentB=\dimen109
\IEEEilabelindent=\dimen110
\IEEEelabelindent=\dimen111
\IEEEdlabelindent=\dimen112
\IEEElabelindent=\dimen113
\IEEEiednormlabelsep=\dimen114
\IEEEiedmathlabelsep=\dimen115
\IEEEiedtopsep=\skip41
\c@section=\count81
\c@subsection=\count82
\c@subsubsection=\count83
\c@paragraph=\count84
\c@IEEEsubequation=\count85
\abovecaptionskip=\skip42
\belowcaptionskip=\skip43
\c@figure=\count86
\c@table=\count87
\@IEEEeqnnumcols=\count88
\@IEEEeqncolcnt=\count89
\@IEEEtmpitemindent=\dimen116
\c@IEEEbiography=\count90
\@IEEEtranrubishbin=\box26
) (/usr/local/texlive/2017/texmf-dist/tex/latex/blindtext/blindtext.sty
Package: blindtext 2012/01/06 V2.0 blindtext-Package

(/usr/local/texlive/2017/texmf-dist/tex/latex/tools/xspace.sty
Package: xspace 2014/10/28 v1.13 Space after command names (DPC,MH)
)
\c@blindtext=\count91
\c@Blindtext=\count92
\c@blind@countparstart=\count93
\blind@countxx=\count94
\blindtext@numBlindtext=\count95
\blind@countyy=\count96
\c@blindlist=\count97
\c@blindlistlevel=\count98
\c@blindlist@level=\count99
\blind@listitem=\count100
\c@blind@listcount=\count101
\c@blind@levelcount=\count102
\blind@mathformula=\count103
\blind@Mathformula=\count104
\c@blind@randomcount=\count105
\c@blind@randommax=\count106
\c@blind@pangramcount=\count107
\c@blind@pangrammax=\count108
)
(/usr/local/texlive/2017/texmf-dist/tex/latex/graphics/graphicx.sty
Package: graphicx 2017/06/01 v1.1a Enhanced LaTeX Graphics (DPC,SPQR)

(/usr/local/texlive/2017/texmf-dist/tex/latex/graphics/keyval.sty
Package: keyval 2014/10/28 v1.15 key=value parser (DPC)
\KV@toks@=\toks15
)
(/usr/local/texlive/2017/texmf-dist/tex/latex/graphics/graphics.sty
Package: graphics 2017/06/25 v1.2c Standard LaTeX Graphics (DPC,SPQR)

(/usr/local/texlive/2017/texmf-dist/tex/latex/graphics/trig.sty
Package: trig 2016/01/03 v1.10 sin cos tan (DPC)
)
(/usr/local/texlive/2017/texmf-dist/tex/latex/graphics-cfg/graphics.cfg
File: graphics.cfg 2016/06/04 v1.11 sample graphics configuration
)
Package graphics Info: Driver file: pdftex.def on input line 99.

(/usr/local/texlive/2017/texmf-dist/tex/latex/graphics-def/pdftex.def
File: pdftex.def 2017/06/24 v1.0g Graphics/color driver for pdftex
))
\Gin@req@height=\dimen117
\Gin@req@width=\dimen118
)
(/usr/local/texlive/2017/texmf-dist/tex/latex/tools/longtable.sty
Package: longtable 2014/10/28 v4.11 Multi-page Table package (DPC)
\LTleft=\skip44
\LTright=\skip45
\LTpre=\skip46
\LTpost=\skip47
\LTchunksize=\count109
\LTcapwidth=\dimen119
\LT@head=\box27
\LT@firsthead=\box28
\LT@foot=\box29
\LT@lastfoot=\box30
\LT@cols=\count110
\LT@rows=\count111
\c@LT@tables=\count112
\c@LT@chunks=\count113
\LT@p@ftn=\toks16
)
(/usr/local/texlive/2017/texmf-dist/tex/latex/booktabs/booktabs.sty
Package: booktabs 2016/04/27 v1.618033 publication quality tables
\heavyrulewidth=\dimen120
\lightrulewidth=\dimen121
\cmidrulewidth=\dimen122
\belowrulesep=\dimen123
\belowbottomsep=\dimen124
\aboverulesep=\dimen125
\abovetopsep=\dimen126
\cmidrulesep=\dimen127
\cmidrulekern=\dimen128
\defaultaddspace=\dimen129
\@cmidla=\count114
\@cmidlb=\count115
\@aboverulesep=\dimen130
\@belowrulesep=\dimen131
\@thisruleclass=\count116
\@lastruleclass=\count117
\@thisrulewidth=\dimen132
)
(/usr/local/texlive/2017/texmf-dist/tex/latex/xcolor/xcolor.sty
Package: xcolor 2016/05/11 v2.12 LaTeX color extensions (UK)

(/usr/local/texlive/2017/texmf-dist/tex/latex/graphics-cfg/color.cfg
File: color.cfg 2016/01/02 v1.6 sample color configuration
)
Package xcolor Info: Driver file: pdftex.def on input line 225.

(/usr/local/texlive/2017/texmf-dist/tex/latex/colortbl/colortbl.sty
Package: colortbl 2012/02/13 v1.0a Color table columns (DPC)

(/usr/local/texlive/2017/texmf-dist/tex/latex/tools/array.sty
Package: array 2016/10/06 v2.4d Tabular extension package (FMi)
\col@sep=\dimen133
\extrarowheight=\dimen134
\NC@list=\toks17
\extratabsurround=\skip48
\backup@length=\skip49
)
\everycr=\toks18
\minrowclearance=\skip50
)
\rownum=\count118
Package xcolor Info: Model `cmy' substituted by `cmy0' on input line 1348.
Package xcolor Info: Model `hsb' substituted by `rgb' on input line 1352.
Package xcolor Info: Model `RGB' extended on input line 1364.
Package xcolor Info: Model `HTML' substituted by `rgb' on input line 1366.
Package xcolor Info: Model `Hsb' substituted by `hsb' on input line 1367.
Package xcolor Info: Model `tHsb' substituted by `hsb' on input line 1368.
Package xcolor Info: Model `HSB' substituted by `hsb' on input line 1369.
Package xcolor Info: Model `Gray' substituted by `gray' on input line 1370.
Package xcolor Info: Model `wave' substituted by `hsb' on input line 1371.
)
(/usr/local/texlive/2017/texmf-dist/tex/latex/amsmath/amsmath.sty
Package: amsmath 2017/09/02 v2.17a AMS math features
\@mathmargin=\skip51

For additional information on amsmath, use the `?' option.
(/usr/local/texlive/2017/texmf-dist/tex/latex/amsmath/amstext.sty
Package: amstext 2000/06/29 v2.01 AMS text

(/usr/local/texlive/2017/texmf-dist/tex/latex/amsmath/amsgen.sty
File: amsgen.sty 1999/11/30 v2.0 generic functions
\@emptytoks=\toks19
\ex@=\dimen135
))
(/usr/local/texlive/2017/texmf-dist/tex/latex/amsmath/amsbsy.sty
Package: amsbsy 1999/11/29 v1.2d Bold Symbols
\pmbraise@=\dimen136
)
(/usr/local/texlive/2017/texmf-dist/tex/latex/amsmath/amsopn.sty
Package: amsopn 2016/03/08 v2.02 operator names
)
\inf@bad=\count119
LaTeX Info: Redefining \frac on input line 213.
\uproot@=\count120
\leftroot@=\count121
LaTeX Info: Redefining \overline on input line 375.
\classnum@=\count122
\DOTSCASE@=\count123
LaTeX Info: Redefining \ldots on input line 472.
LaTeX Info: Redefining \dots on input line 475.
LaTeX Info: Redefining \cdots on input line 596.
\Mathstrutbox@=\box31
\strutbox@=\box32
\big@size=\dimen137
LaTeX Font Info:    Redeclaring font encoding OML on input line 712.
LaTeX Font Info:    Redeclaring font encoding OMS on input line 713.
\macc@depth=\count124
\c@MaxMatrixCols=\count125
\dotsspace@=\muskip10
\c@parentequation=\count126
\dspbrk@lvl=\count127
\tag@help=\toks20
\row@=\count128
\column@=\count129
\maxfields@=\count130
\andhelp@=\toks21
\eqnshift@=\dimen138
\alignsep@=\dimen139
\tagshift@=\dimen140
\tagwidth@=\dimen141
\totwidth@=\dimen142
\lineht@=\dimen143
\@envbody=\toks22
\multlinegap=\skip52
\multlinetaggap=\skip53
\mathdisplay@stack=\toks23
LaTeX Info: Redefining \[ on input line 2817.
LaTeX Info: Redefining \] on input line 2818.
)
(/usr/local/texlive/2017/texmf-dist/tex/latex/pdfpages/pdfpages.sty
Package: pdfpages 2017/10/31 v0.5l Insert pages of external PDF documents (AM)

(/usr/local/texlive/2017/texmf-dist/tex/latex/base/ifthen.sty
Package: ifthen 2014/09/29 v1.1c Standard LaTeX ifthen package (DPC)
)
(/usr/local/texlive/2017/texmf-dist/tex/latex/tools/calc.sty
Package: calc 2014/10/28 v4.3 Infix arithmetic (KKT,FJ)
\calc@Acount=\count131
\calc@Bcount=\count132
\calc@Adimen=\dimen144
\calc@Bdimen=\dimen145
\calc@Askip=\skip54
\calc@Bskip=\skip55
LaTeX Info: Redefining \setlength on input line 80.
LaTeX Info: Redefining \addtolength on input line 81.
\calc@Ccount=\count133
\calc@Cskip=\skip56
)
(/usr/local/texlive/2017/texmf-dist/tex/latex/eso-pic/eso-pic.sty
Package: eso-pic 2015/07/21 v2.0g eso-pic (RN)

(/usr/local/texlive/2017/texmf-dist/tex/generic/oberdiek/atbegshi.sty
Package: atbegshi 2016/06/09 v1.18 At begin shipout hook (HO)

(/usr/local/texlive/2017/texmf-dist/tex/generic/oberdiek/infwarerr.sty
Package: infwarerr 2016/05/16 v1.4 Providing info/warning/error messages (HO)
)
(/usr/local/texlive/2017/texmf-dist/tex/generic/oberdiek/ltxcmds.sty
Package: ltxcmds 2016/05/16 v1.23 LaTeX kernel commands for general use (HO)
)
(/usr/local/texlive/2017/texmf-dist/tex/generic/oberdiek/ifpdf.sty
Package: ifpdf 2017/03/15 v3.2 Provides the ifpdf switch
)))
\AM@pagewidth=\dimen146
\AM@pageheight=\dimen147

(/usr/local/texlive/2017/texmf-dist/tex/latex/pdfpages/pppdftex.def
File: pppdftex.def 2017/10/31 v0.5l Pdfpages driver for pdfTeX (AM)
)
\AM@pagebox=\box33
\AM@global@opts=\toks24
\AM@toc@title=\toks25
\c@AM@survey=\count134
\AM@templatesizebox=\box34
)
(/usr/local/texlive/2017/texmf-dist/tex/latex/url/url.sty
\Urlmuskip=\muskip11
Package: url 2013/09/16  ver 3.4  Verb mode for urls, etc.
)
(/usr/local/texlive/2017/texmf-dist/tex/latex/hyperref/hyperref.sty
Package: hyperref 2017/03/14 v6.85a Hypertext links for LaTeX

(/usr/local/texlive/2017/texmf-dist/tex/generic/oberdiek/hobsub-hyperref.sty
Package: hobsub-hyperref 2016/05/16 v1.14 Bundle oberdiek, subset hyperref (HO)


(/usr/local/texlive/2017/texmf-dist/tex/generic/oberdiek/hobsub-generic.sty
Package: hobsub-generic 2016/05/16 v1.14 Bundle oberdiek, subset generic (HO)
Package: hobsub 2016/05/16 v1.14 Construct package bundles (HO)
Package hobsub Info: Skipping package `infwarerr' (already loaded).
Package hobsub Info: Skipping package `ltxcmds' (already loaded).
Package: ifluatex 2016/05/16 v1.4 Provides the ifluatex switch (HO)
Package ifluatex Info: LuaTeX not detected.
Package: ifvtex 2016/05/16 v1.6 Detect VTeX and its facilities (HO)
Package ifvtex Info: VTeX not detected.
Package: intcalc 2016/05/16 v1.2 Expandable calculations with integers (HO)
Package hobsub Info: Skipping package `ifpdf' (already loaded).
Package: etexcmds 2016/05/16 v1.6 Avoid name clashes with e-TeX commands (HO)
Package etexcmds Info: Could not find \expanded.
(etexcmds)             That can mean that you are not using pdfTeX 1.50 or
(etexcmds)             that some package has redefined \expanded.
(etexcmds)             In the latter case, load this package earlier.
Package: kvsetkeys 2016/05/16 v1.17 Key value parser (HO)
Package: kvdefinekeys 2016/05/16 v1.4 Define keys (HO)
Package: pdftexcmds 2017/03/19 v0.25 Utility functions of pdfTeX for LuaTeX (HO
)
Package pdftexcmds Info: LuaTeX not detected.
Package pdftexcmds Info: \pdf@primitive is available.
Package pdftexcmds Info: \pdf@ifprimitive is available.
Package pdftexcmds Info: \pdfdraftmode found.
Package: pdfescape 2016/05/16 v1.14 Implements pdfTeX's escape features (HO)
Package: bigintcalc 2016/05/16 v1.4 Expandable calculations on big integers (HO
)
Package: bitset 2016/05/16 v1.2 Handle bit-vector datatype (HO)
Package: uniquecounter 2016/05/16 v1.3 Provide unlimited unique counter (HO)
)
Package hobsub Info: Skipping package `hobsub' (already loaded).
Package: letltxmacro 2016/05/16 v1.5 Let assignment for LaTeX macros (HO)
Package: hopatch 2016/05/16 v1.3 Wrapper for package hooks (HO)
Package: xcolor-patch 2016/05/16 xcolor patch
Package: atveryend 2016/05/16 v1.9 Hooks at the very end of document (HO)
Package atveryend Info: \enddocument detected (standard20110627).
Package hobsub Info: Skipping package `atbegshi' (already loaded).
Package: refcount 2016/05/16 v3.5 Data extraction from label references (HO)
Package: hycolor 2016/05/16 v1.8 Color options for hyperref/bookmark (HO)
)
(/usr/local/texlive/2017/texmf-dist/tex/generic/ifxetex/ifxetex.sty
Package: ifxetex 2010/09/12 v0.6 Provides ifxetex conditional
)
(/usr/local/texlive/2017/texmf-dist/tex/latex/oberdiek/auxhook.sty
Package: auxhook 2016/05/16 v1.4 Hooks for auxiliary files (HO)
)
(/usr/local/texlive/2017/texmf-dist/tex/latex/oberdiek/kvoptions.sty
Package: kvoptions 2016/05/16 v3.12 Key value format for package options (HO)
)
\@linkdim=\dimen148
\Hy@linkcounter=\count135
\Hy@pagecounter=\count136

(/usr/local/texlive/2017/texmf-dist/tex/latex/hyperref/pd1enc.def
File: pd1enc.def 2017/03/14 v6.85a Hyperref: PDFDocEncoding definition (HO)
)
\Hy@SavedSpaceFactor=\count137

(/usr/local/texlive/2017/texmf-dist/tex/latex/latexconfig/hyperref.cfg
File: hyperref.cfg 2002/06/06 v1.2 hyperref configuration of TeXLive
)
Package hyperref Info: Hyper figures OFF on input line 4498.
Package hyperref Info: Link nesting OFF on input line 4503.
Package hyperref Info: Hyper index ON on input line 4506.
Package hyperref Info: Plain pages OFF on input line 4513.
Package hyperref Info: Backreferencing OFF on input line 4518.
Package hyperref Info: Implicit mode ON; LaTeX internals redefined.
Package hyperref Info: Bookmarks ON on input line 4751.
\c@Hy@tempcnt=\count138
LaTeX Info: Redefining \url on input line 5104.
\XeTeXLinkMargin=\dimen149
\Fld@menulength=\count139
\Field@Width=\dimen150
\Fld@charsize=\dimen151
Package hyperref Info: Hyper figures OFF on input line 6358.
Package hyperref Info: Link nesting OFF on input line 6363.
Package hyperref Info: Hyper index ON on input line 6366.
Package hyperref Info: backreferencing OFF on input line 6373.
Package hyperref Info: Link coloring OFF on input line 6378.
Package hyperref Info: Link coloring with OCG OFF on input line 6383.
Package hyperref Info: PDF/A mode OFF on input line 6388.
LaTeX Info: Redefining \ref on input line 6428.
LaTeX Info: Redefining \pageref on input line 6432.
\Hy@abspage=\count140
\c@Item=\count141
\c@Hfootnote=\count142
)

Package hyperref Message: Driver (autodetected): hpdftex.

(/usr/local/texlive/2017/texmf-dist/tex/latex/hyperref/hpdftex.def
File: hpdftex.def 2017/03/14 v6.85a Hyperref driver for pdfTeX
\Fld@listcount=\count143
\c@bookmark@seq@number=\count144

(/usr/local/texlive/2017/texmf-dist/tex/latex/oberdiek/rerunfilecheck.sty
Package: rerunfilecheck 2016/05/16 v1.8 Rerun checks for auxiliary files (HO)
Package uniquecounter Info: New unique counter `rerunfilecheck' on input line 2
82.
)
\Hy@SectionHShift=\skip57
)
(./thesis.aux)
\openout1 = `thesis.aux'.

LaTeX Font Info:    Checking defaults for OML/cmm/m/it on input line 388.
LaTeX Font Info:    ... okay on input line 388.
LaTeX Font Info:    Checking defaults for T1/cmr/m/n on input line 388.
LaTeX Font Info:    ... okay on input line 388.
LaTeX Font Info:    Checking defaults for OT1/cmr/m/n on input line 388.
LaTeX Font Info:    ... okay on input line 388.
LaTeX Font Info:    Checking defaults for OMS/cmsy/m/n on input line 388.
LaTeX Font Info:    ... okay on input line 388.
LaTeX Font Info:    Checking defaults for OMX/cmex/m/n on input line 388.
LaTeX Font Info:    ... okay on input line 388.
LaTeX Font Info:    Checking defaults for U/cmr/m/n on input line 388.
LaTeX Font Info:    ... okay on input line 388.
LaTeX Font Info:    Checking defaults for PD1/pdf/m/n on input line 388.
LaTeX Font Info:    ... okay on input line 388.

(/usr/local/texlive/2017/texmf-dist/tex/context/base/mkii/supp-pdf.mkii
[Loading MPS to PDF converter (version 2006.09.02).]
\scratchcounter=\count145
\scratchdimen=\dimen152
\scratchbox=\box35
\nofMPsegments=\count146
\nofMParguments=\count147
\everyMPshowfont=\toks26
\MPscratchCnt=\count148
\MPscratchDim=\dimen153
\MPnumerator=\count149
\makeMPintoPDFobject=\count150
\everyMPtoPDFconversion=\toks27
) (/usr/local/texlive/2017/texmf-dist/tex/latex/oberdiek/epstopdf-base.sty
Package: epstopdf-base 2016/05/15 v2.6 Base part for package epstopdf

(/usr/local/texlive/2017/texmf-dist/tex/latex/oberdiek/grfext.sty
Package: grfext 2016/05/16 v1.2 Manage graphics extensions (HO)
)
Package epstopdf-base Info: Redefining graphics rule for `.eps' on input line 4
38.
Package grfext Info: Graphics extension search list:
(grfext)             [.pdf,.png,.jpg,.mps,.jpeg,.jbig2,.jb2,.PDF,.PNG,.JPG,.JPE
G,.JBIG2,.JB2,.eps]
(grfext)             \AppendGraphicsExtensions on input line 456.

(/usr/local/texlive/2017/texmf-dist/tex/latex/latexconfig/epstopdf-sys.cfg
File: epstopdf-sys.cfg 2010/07/13 v1.3 Configuration of (r)epstopdf for TeX Liv
e
))
\AtBeginShipoutBox=\box36

(/usr/local/texlive/2017/texmf-dist/tex/latex/oberdiek/pdflscape.sty
Package: pdflscape 2016/05/14 v0.11 Display of landscape pages in PDF (HO)

(/usr/local/texlive/2017/texmf-dist/tex/latex/graphics/lscape.sty
Package: lscape 2000/10/22 v3.01 Landscape Pages (DPC)
)
Package pdflscape Info: Auto-detected driver: pdftex on input line 81.
)
Package hyperref Info: Link coloring OFF on input line 388.

(/usr/local/texlive/2017/texmf-dist/tex/latex/hyperref/nameref.sty
Package: nameref 2016/05/21 v2.44 Cross-referencing by name of section

(/usr/local/texlive/2017/texmf-dist/tex/generic/oberdiek/gettitlestring.sty
Package: gettitlestring 2016/05/16 v1.5 Cleanup title references (HO)
)
\c@section@level=\count151
)
LaTeX Info: Redefining \ref on input line 388.
LaTeX Info: Redefining \pageref on input line 388.
LaTeX Info: Redefining \nameref on input line 388.

(./thesis.out) (./thesis.out)
\@outlinefile=\write3
\openout3 = `thesis.out'.

 (./tex/abstract.tex) (./tex/intro.tex)
(./tex/theory.tex
LaTeX Font Info:    External font `cmex10' loaded for size
(Font)              <7> on input line 45.
LaTeX Font Info:    External font `cmex10' loaded for size
(Font)              <5> on input line 45.
 [1{/usr/local/texlive/2017/texmf-var/fonts/map/pdftex/updmap/pdftex.map}


]
Missing character: There is no Â in font ptmr7t!
Missing character: There is no   in font ptmr7t!
Missing character: There is no Â in font ptmr7t!
Missing character: There is no   in font ptmr7t!
Missing character: There is no Â in font ptmr7t!
Missing character: There is no   in font ptmr7t!
Missing character: There is no Â in font ptmr7t!
Missing character: There is no   in font ptmr7t!
Missing character: There is no Â in font ptmr7t!
Missing character: There is no   in font ptmr7t!
Missing character: There is no Â in font ptmr7t!
Missing character: There is no   in font ptmr7t!
 [2]
Missing character: There is no Â in font ptmr7t!
Missing character: There is no   in font ptmr7t!
LaTeX Font Info:    External font `cmex10' loaded for size
(Font)              <8> on input line 179.
LaTeX Font Info:    External font `cmex10' loaded for size
(Font)              <6> on input line 179.

Overfull \hbox (5.399pt too wide) in paragraph at lines 179--179
[][][][]\OT1/ptm/m/n/8 http://scikit-learn.org/stable/modules/generated/sklearn
.svm.LinearSVC.html| 
 []

) (./tex/related_work.tex) (./tex/method.tex
LaTeX Font Info:    Try loading font information for OT1+pcr on input line 16.

(/usr/local/texlive/2017/texmf-dist/tex/latex/psnfss/ot1pcr.fd
File: ot1pcr.fd 2001/06/04 font definitions for OT1/pcr.
) [3]
Underfull \hbox (badness 10000) in paragraph at lines 71--77
[]\OT1/ptm/m/n/10 The mod-els used the im-ple-men-ta-tions in the
 []

) (./tex/results.tex) (./tex/discussion.tex [4]) (./tex/conclusion.tex)
(./tex/future_work.tex [5]) (./thesis.bbl
Missing character: There is no â in font ptmr7t!
Missing character: There is no € in font ptmr7t!
Missing character: There is no ¦ in font ptmr7t!
Missing character: There is no â in font ptmr7t!
Missing character: There is no € in font ptmr7t!
Missing character: There is no ™ in font ptmr7t!

Underfull \hbox (badness 10000) in paragraph at lines 29--32
[]\OT1/ptm/m/n/8 A. Grant, ``Good-bye to MBTI, the Fad That Wont Die,''
 []


Underfull \hbox (badness 10000) in paragraph at lines 29--32
[]$\OT1/ptm/m/n/8 https : / / www . psychologytoday . com / blog / give-[]and-[
]take / 201309 /
 []


Underfull \hbox (badness 3088) in paragraph at lines 29--32
\OT1/ptm/m/n/8 goodbye-[]mbti-[]the-[]fad-[]won-[]t-[]die$[], 2013, [On-line; a
c-cessed 22-Jan-
 []


Underfull \hbox (badness 10000) in paragraph at lines 34--37
\OT1/ptm/m/n/8 Mean-ing-less,'' []$https : / / www . smithsonianmag . com / sma
rt-[]news /
 []


Overfull \hbox (6.29549pt too wide) in paragraph at lines 34--37
\OT1/ptm/m/n/8 the-[]myers-[]briggs-[]personality-[]test-[]is-[]pretty-[]much-[
]meaningless-[]9359770/$[],
 []


Underfull \hbox (badness 10000) in paragraph at lines 44--47
[]\OT1/ptm/m/n/8 L. Winkie, ``The Myers-Briggs Per-son-al-ity Test Is
 []


Underfull \hbox (badness 10000) in paragraph at lines 44--47
\OT1/ptm/m/n/8 Bull-shit,'' []$https : / / www . vice . com / en[]nz / article 
/ bjv8y5 /
 []


Underfull \hbox (badness 4713) in paragraph at lines 44--47
\OT1/ptm/m/n/8 the-[]myers-[]briggs-[]personality-[]test-[]bullshit$[], 2017, [
On-line; ac-cessed
 []


Underfull \hbox (badness 10000) in paragraph at lines 58--61
[]\OT1/ptm/m/n/8 Myers-Briggs, ``MBTI Ba-sics,'' []$http : / / www . myersbrigg
s . org /
 []


Underfull \hbox (badness 10000) in paragraph at lines 58--61
\OT1/ptm/m/n/8 my-[]mbti-[]personality-[]type / mbti-[]basics / home . htm ? bh
cp = 1$[], 2018,
 []


Underfull \hbox (badness 3439) in paragraph at lines 63--66
[]\OT1/ptm/m/n/8 ------, ``Ex-traver-sion or In-tro-ver-sion,'' []$http : / / w
ww . myersbriggs . org /
 []


Underfull \hbox (badness 10000) in paragraph at lines 63--66
\OT1/ptm/m/n/8 my-[]mbti-[]personality-[]type / mbti-[]basics / extraversion-[]
or-[]introversion .
 []


Underfull \hbox (badness 10000) in paragraph at lines 68--71
[]\OT1/ptm/m/n/8 ------, ``Sens-ing or In-tu-ition,'' []$http : / / www . myers
briggs . org /
 []


Underfull \hbox (badness 7099) in paragraph at lines 68--71
\OT1/ptm/m/n/8 my-[]mbti-[]personality-[]type / mbti-[]basics / sensing-[]or-[]
intuition . htm$[], 2018,
 []


Underfull \hbox (badness 10000) in paragraph at lines 73--76
[]\OT1/ptm/m/n/8 ------, ``Think-ing or Feel-ing,'' []$http : / / www . myersbr
iggs . org /
 []


Underfull \hbox (badness 10000) in paragraph at lines 73--76
\OT1/ptm/m/n/8 my-[]mbti-[]personality-[]type / mbti-[]basics / thinking-[]or-[
]feeling . htm$[], 2018,
 []


Underfull \hbox (badness 10000) in paragraph at lines 78--81
[]\OT1/ptm/m/n/8 ------, ``Judg-ing or Per-ceiv-ing,'' []$http : / / www . myer
sbriggs . org /
 []


Underfull \hbox (badness 10000) in paragraph at lines 78--81
\OT1/ptm/m/n/8 my-[]mbti-[]personality-[]type / mbti-[]basics / judging-[]or-[]
perceiving . htm$[],
 []

) (./tex/appendix/types-barplot.tex
<types_barplot.pdf, id=416, pagebox=cropbox, 272.97672pt x 738.32086pt>
File: types_barplot.pdf Graphic file (type pdf)
<use types_barplot.pdf>
Package pdftex.def Info: types_barplot.pdf  used on input line 9. on input line
 9.
Package pdftex.def Info: Requested size: 141.9487pt x 383.92906pt on input line
 9.
) (./tex/appendix/results.tex [6 <./types_barplot.pdf, page is rotated 270 degr
ees>]

LaTeX Warning: No positions in optional float specifier.
               Default added (so using `tbp') on input line 8.


Overfull \hbox (256.29932pt too wide) in paragraph at lines 12--82
 [][] 
 []

[7


]

LaTeX Warning: No positions in optional float specifier.
               Default added (so using `tbp') on input line 85.


Overfull \hbox (256.29932pt too wide) in paragraph at lines 89--160
 [][] 
 []

[8


]) (./tex/appendix/wordclouds.tex
<wordclouds/wordcloud_all.pdf, id=488, pagebox=cropbox, 409.11203pt x 213.93112
pt>
File: wordclouds/wordcloud_all.pdf Graphic file (type pdf)
<use wordclouds/wordcloud_all.pdf>
Package pdftex.def Info: wordclouds/wordcloud_all.pdf  used on input line 11. o
n input line 11.
Package pdftex.def Info: Requested size: 265.91966pt x 139.05357pt on input lin
e 11.

Overfull \hbox (12.8698pt too wide) in paragraph at lines 11--12
[][] 
 []

<wordclouds/wordcloud_ISTJ.pdf, id=489, pagebox=cropbox, 409.11203pt x 213.9311
2pt>
File: wordclouds/wordcloud_ISTJ.pdf Graphic file (type pdf)
<use wordclouds/wordcloud_ISTJ.pdf>
Package pdftex.def Info: wordclouds/wordcloud_ISTJ.pdf  used on input line 17. 
on input line 17.
Package pdftex.def Info: Requested size: 265.91966pt x 139.05357pt on input lin
e 17.

Overfull \hbox (12.8698pt too wide) in paragraph at lines 17--18
[][] 
 []

<wordclouds/wordcloud_ISFJ.pdf, id=490, pagebox=cropbox, 409.11203pt x 213.9311
2pt>
File: wordclouds/wordcloud_ISFJ.pdf Graphic file (type pdf)
<use wordclouds/wordcloud_ISFJ.pdf>
Package pdftex.def Info: wordclouds/wordcloud_ISFJ.pdf  used on input line 23. 
on input line 23.
Package pdftex.def Info: Requested size: 265.91966pt x 139.05357pt on input lin
e 23.

Overfull \hbox (12.8698pt too wide) in paragraph at lines 23--24
[][] 
 []

<wordclouds/wordcloud_INFJ.pdf, id=491, pagebox=cropbox, 409.11203pt x 213.9311
2pt>
File: wordclouds/wordcloud_INFJ.pdf Graphic file (type pdf)
<use wordclouds/wordcloud_INFJ.pdf>
Package pdftex.def Info: wordclouds/wordcloud_INFJ.pdf  used on input line 29. 
on input line 29.
Package pdftex.def Info: Requested size: 265.91966pt x 139.05357pt on input lin
e 29.

Overfull \hbox (12.8698pt too wide) in paragraph at lines 29--30
[][] 
 []

<wordclouds/wordcloud_INTJ.pdf, id=492, pagebox=cropbox, 409.11203pt x 213.9311
2pt>
File: wordclouds/wordcloud_INTJ.pdf Graphic file (type pdf)
<use wordclouds/wordcloud_INTJ.pdf>
Package pdftex.def Info: wordclouds/wordcloud_INTJ.pdf  used on input line 35. 
on input line 35.
Package pdftex.def Info: Requested size: 265.91966pt x 139.05357pt on input lin
e 35.

Overfull \hbox (12.8698pt too wide) in paragraph at lines 35--36
[][] 
 []

<wordclouds/wordcloud_ISTP.pdf, id=493, pagebox=cropbox, 409.11203pt x 213.9311
2pt>
File: wordclouds/wordcloud_ISTP.pdf Graphic file (type pdf)
<use wordclouds/wordcloud_ISTP.pdf>
Package pdftex.def Info: wordclouds/wordcloud_ISTP.pdf  used on input line 41. 
on input line 41.
Package pdftex.def Info: Requested size: 265.91966pt x 139.05357pt on input lin
e 41.

Overfull \hbox (12.8698pt too wide) in paragraph at lines 41--42
[][] 
 []

<wordclouds/wordcloud_ISFP.pdf, id=494, pagebox=cropbox, 409.11203pt x 213.9311
2pt>
File: wordclouds/wordcloud_ISFP.pdf Graphic file (type pdf)
<use wordclouds/wordcloud_ISFP.pdf>
Package pdftex.def Info: wordclouds/wordcloud_ISFP.pdf  used on input line 47. 
on input line 47.
Package pdftex.def Info: Requested size: 265.91966pt x 139.05357pt on input lin
e 47.

Overfull \hbox (12.8698pt too wide) in paragraph at lines 47--48
[][] 
 []

<wordclouds/wordcloud_INFP.pdf, id=495, pagebox=cropbox, 409.11203pt x 213.9311
2pt>
File: wordclouds/wordcloud_INFP.pdf Graphic file (type pdf)
<use wordclouds/wordcloud_INFP.pdf>
Package pdftex.def Info: wordclouds/wordcloud_INFP.pdf  used on input line 53. 
on input line 53.
Package pdftex.def Info: Requested size: 265.91966pt x 139.05357pt on input lin
e 53.

Overfull \hbox (12.8698pt too wide) in paragraph at lines 53--54
[][] 
 []

<wordclouds/wordcloud_INTP.pdf, id=496, pagebox=cropbox, 409.11203pt x 213.9311
2pt>
File: wordclouds/wordcloud_INTP.pdf Graphic file (type pdf)
<use wordclouds/wordcloud_INTP.pdf>
Package pdftex.def Info: wordclouds/wordcloud_INTP.pdf  used on input line 59. 
on input line 59.
Package pdftex.def Info: Requested size: 265.91966pt x 139.05357pt on input lin
e 59.

Overfull \hbox (12.8698pt too wide) in paragraph at lines 59--60
[][] 
 []

<wordclouds/wordcloud_ESTP.pdf, id=497, pagebox=cropbox, 409.11203pt x 213.9311
2pt>
File: wordclouds/wordcloud_ESTP.pdf Graphic file (type pdf)
<use wordclouds/wordcloud_ESTP.pdf>
Package pdftex.def Info: wordclouds/wordcloud_ESTP.pdf  used on input line 65. 
on input line 65.
Package pdftex.def Info: Requested size: 265.91966pt x 139.05357pt on input lin
e 65.

Overfull \hbox (12.8698pt too wide) in paragraph at lines 65--66
[][] 
 []

<wordclouds/wordcloud_ESFP.pdf, id=498, pagebox=cropbox, 409.11203pt x 213.9311
2pt>
File: wordclouds/wordcloud_ESFP.pdf Graphic file (type pdf)
<use wordclouds/wordcloud_ESFP.pdf>
Package pdftex.def Info: wordclouds/wordcloud_ESFP.pdf  used on input line 71. 
on input line 71.
Package pdftex.def Info: Requested size: 265.91966pt x 139.05357pt on input lin
e 71.

Overfull \hbox (12.8698pt too wide) in paragraph at lines 71--72
[][] 
 []

<wordclouds/wordcloud_ENFP.pdf, id=499, pagebox=cropbox, 409.11203pt x 213.9311
2pt>
File: wordclouds/wordcloud_ENFP.pdf Graphic file (type pdf)
<use wordclouds/wordcloud_ENFP.pdf>
Package pdftex.def Info: wordclouds/wordcloud_ENFP.pdf  used on input line 77. 
on input line 77.
Package pdftex.def Info: Requested size: 265.91966pt x 139.05357pt on input lin
e 77.

Overfull \hbox (12.8698pt too wide) in paragraph at lines 77--78
[][] 
 []

<wordclouds/wordcloud_ENTP.pdf, id=500, pagebox=cropbox, 409.11203pt x 213.9311
2pt>
File: wordclouds/wordcloud_ENTP.pdf Graphic file (type pdf)
<use wordclouds/wordcloud_ENTP.pdf>
Package pdftex.def Info: wordclouds/wordcloud_ENTP.pdf  used on input line 83. 
on input line 83.
Package pdftex.def Info: Requested size: 265.91966pt x 139.05357pt on input lin
e 83.

Overfull \hbox (12.8698pt too wide) in paragraph at lines 83--84
[][] 
 []

<wordclouds/wordcloud_ESTJ.pdf, id=501, pagebox=cropbox, 409.11203pt x 213.9311
2pt>
File: wordclouds/wordcloud_ESTJ.pdf Graphic file (type pdf)
<use wordclouds/wordcloud_ESTJ.pdf>
Package pdftex.def Info: wordclouds/wordcloud_ESTJ.pdf  used on input line 89. 
on input line 89.
Package pdftex.def Info: Requested size: 265.91966pt x 139.05357pt on input lin
e 89.

Overfull \hbox (12.8698pt too wide) in paragraph at lines 89--90
[][] 
 []

<wordclouds/wordcloud_ESFJ.pdf, id=502, pagebox=cropbox, 409.11203pt x 213.9311
2pt>
File: wordclouds/wordcloud_ESFJ.pdf Graphic file (type pdf)
<use wordclouds/wordcloud_ESFJ.pdf>
Package pdftex.def Info: wordclouds/wordcloud_ESFJ.pdf  used on input line 95. 
on input line 95.
Package pdftex.def Info: Requested size: 265.91966pt x 139.05357pt on input lin
e 95.

Overfull \hbox (12.8698pt too wide) in paragraph at lines 95--96
[][] 
 []

<wordclouds/wordcloud_ENFJ.pdf, id=503, pagebox=cropbox, 409.11203pt x 213.9311
2pt>
File: wordclouds/wordcloud_ENFJ.pdf Graphic file (type pdf)
<use wordclouds/wordcloud_ENFJ.pdf>
Package pdftex.def Info: wordclouds/wordcloud_ENFJ.pdf  used on input line 101.
 on input line 101.
Package pdftex.def Info: Requested size: 265.91966pt x 139.05357pt on input lin
e 101.

Overfull \hbox (12.8698pt too wide) in paragraph at lines 101--102
[][] 
 []

<wordclouds/wordcloud_ENTJ.pdf, id=504, pagebox=cropbox, 409.11203pt x 213.9311
2pt>
File: wordclouds/wordcloud_ENTJ.pdf Graphic file (type pdf)
<use wordclouds/wordcloud_ENTJ.pdf>
Package pdftex.def Info: wordclouds/wordcloud_ENTJ.pdf  used on input line 107.
 on input line 107.
Package pdftex.def Info: Requested size: 265.91966pt x 139.05357pt on input lin
e 107.

Overfull \hbox (12.8698pt too wide) in paragraph at lines 107--108
[][] 
 []

) [9


 <./wordclouds/wordcloud_all.pdf> <./wordclouds/wordcloud_ISTJ.pdf

pdfTeX warning: pdflatex (file ./wordclouds/wordcloud_ISTJ.pdf): PDF inclusion:
 multiple pdfs with page group included in a single page
> <./wordclouds/wordcloud_ISFJ.pdf

pdfTeX warning: pdflatex (file ./wordclouds/wordcloud_ISFJ.pdf): PDF inclusion:
 multiple pdfs with page group included in a single page
> <./wordclouds/wordcloud_INFJ.pdf

pdfTeX warning: pdflatex (file ./wordclouds/wordcloud_INFJ.pdf): PDF inclusion:
 multiple pdfs with page group included in a single page
> <./wordclouds/wordcloud_INTJ.pdf

pdfTeX warning: pdflatex (file ./wordclouds/wordcloud_INTJ.pdf): PDF inclusion:
 multiple pdfs with page group included in a single page
>] [10 <./wordclouds/wordcloud_ISTP.pdf> <./wordclouds/wordcloud_ISFP.pdf

pdfTeX warning: pdflatex (file ./wordclouds/wordcloud_ISFP.pdf): PDF inclusion:
 multiple pdfs with page group included in a single page
> <./wordclouds/wordcloud_INFP.pdf

pdfTeX warning: pdflatex (file ./wordclouds/wordcloud_INFP.pdf): PDF inclusion:
 multiple pdfs with page group included in a single page
> <./wordclouds/wordcloud_INTP.pdf

pdfTeX warning: pdflatex (file ./wordclouds/wordcloud_INTP.pdf): PDF inclusion:
 multiple pdfs with page group included in a single page
> <./wordclouds/wordcloud_ESTP.pdf

pdfTeX warning: pdflatex (file ./wordclouds/wordcloud_ESTP.pdf): PDF inclusion:
 multiple pdfs with page group included in a single page
> <./wordclouds/wordcloud_ESFP.pdf

pdfTeX warning: pdflatex (file ./wordclouds/wordcloud_ESFP.pdf): PDF inclusion:
 multiple pdfs with page group included in a single page
>] [11 <./wordclouds/wordcloud_ENFP.pdf> <./wordclouds/wordcloud_ENTP.pdf

pdfTeX warning: pdflatex (file ./wordclouds/wordcloud_ENTP.pdf): PDF inclusion:
 multiple pdfs with page group included in a single page
> <./wordclouds/wordcloud_ESTJ.pdf

pdfTeX warning: pdflatex (file ./wordclouds/wordcloud_ESTJ.pdf): PDF inclusion:
 multiple pdfs with page group included in a single page
> <./wordclouds/wordcloud_ESFJ.pdf

pdfTeX warning: pdflatex (file ./wordclouds/wordcloud_ESFJ.pdf): PDF inclusion:
 multiple pdfs with page group included in a single page
> <./wordclouds/wordcloud_ENFJ.pdf

pdfTeX warning: pdflatex (file ./wordclouds/wordcloud_ENFJ.pdf): PDF inclusion:
 multiple pdfs with page group included in a single page
> <./wordclouds/wordcloud_ENTJ.pdf

pdfTeX warning: pdflatex (file ./wordclouds/wordcloud_ENTJ.pdf): PDF inclusion:
 multiple pdfs with page group included in a single page
>]
Package atveryend Info: Empty hook `BeforeClearDocument' on input line 698.
Package atveryend Info: Empty hook `AfterLastShipout' on input line 698.
 (./thesis.aux)
Package atveryend Info: Executing hook `AtVeryEndDocument' on input line 698.
Package atveryend Info: Executing hook `AtEndAfterFileList' on input line 698.
Package rerunfilecheck Info: File `thesis.out' has not changed.
(rerunfilecheck)             Checksum: 6D6B45B4D706F717F5D96FD5B2829D72;4171.
Package atveryend Info: Empty hook `AtVeryVeryEnd' on input line 698.
 ) 
Here is how much of TeX's memory you used:
 8312 strings out of 492985
 126508 string characters out of 6132585
 271171 words of memory out of 5000000
 11572 multiletter control sequences out of 15000+600000
 41975 words of font info for 77 fonts, out of 8000000 for 9000
 1144 hyphenation exceptions out of 8191
 41i,10n,35p,368b,412s stack positions out of 5000i,500n,10000p,200000b,80000s
{/usr/local/texlive/2017/texmf-dist/fonts/enc/dvips/base/8r.enc}</usr/local/t
exlive/2017/texmf-dist/fonts/type1/public/amsfonts/cm/cmex10.pfb></usr/local/te
xlive/2017/texmf-dist/fonts/type1/public/amsfonts/cm/cmmi10.pfb></usr/local/tex
live/2017/texmf-dist/fonts/type1/public/amsfonts/cm/cmmi5.pfb></usr/local/texli
ve/2017/texmf-dist/fonts/type1/public/amsfonts/cm/cmmi7.pfb></usr/local/texlive
/2017/texmf-dist/fonts/type1/public/amsfonts/cm/cmr10.pfb></usr/local/texlive/2
017/texmf-dist/fonts/type1/public/amsfonts/cm/cmr7.pfb></usr/local/texlive/2017
/texmf-dist/fonts/type1/public/amsfonts/cm/cmsy10.pfb></usr/local/texlive/2017/
texmf-dist/fonts/type1/public/amsfonts/cm/cmsy7.pfb></usr/local/texlive/2017/te
xmf-dist/fonts/type1/urw/courier/ucrr8a.pfb></usr/local/texlive/2017/texmf-dist
/fonts/type1/urw/times/utmb8a.pfb></usr/local/texlive/2017/texmf-dist/fonts/typ
e1/urw/times/utmbi8a.pfb></usr/local/texlive/2017/texmf-dist/fonts/type1/urw/ti
mes/utmr8a.pfb></usr/local/texlive/2017/texmf-dist/fonts/type1/urw/times/utmri8
a.pfb>
Output written on thesis.pdf (11 pages, 2377431 bytes).
PDF statistics:
 664 PDF objects out of 1000 (max. 8388607)
 570 compressed objects within 6 object streams
 136 named destinations out of 1000 (max. 500000)
 563 words of extra memory for PDF output out of 10000 (max. 10000000)

